<?xml version="1.0" encoding="UTF-8"?>
<Site BuildName="Linux-c++"
	BuildStamp="20250903-2223-Experimental"
	Name="bridge-VJFH51F11X-B2211H"
	Generator="ctest-3.28.3"
	CompilerName="/usr/bin/c++"
	CompilerVersion="13.3.0"
	OSName="Linux"
	Hostname="bridge-VJFH51F11X-B2211H"
	OSRelease="6.8.0-60-generic"
	OSVersion="#63-Ubuntu SMP PREEMPT_DYNAMIC Tue Apr 15 19:04:15 UTC 2025"
	OSPlatform="x86_64"
	Is64Bits="1"
	VendorString="GenuineIntel"
	VendorID="Intel Corporation"
	FamilyID="6"
	ModelID="154"
	ProcessorCacheSize="24576"
	NumberOfLogicalCPU="16"
	NumberOfPhysicalCPU="10"
	TotalVirtualMemory="2047"
	TotalPhysicalMemory="31783"
	LogicalProcessorsPerPhysical="1"
	ProcessorClockFrequency="4000.04"
	>
	<Testing>
		<StartDateTime>Sep 03 19:33 -03</StartDateTime>
		<StartTestTime>1756938785</StartTestTime>
		<TestList/>
		<EndDateTime>Sep 03 19:33 -03</EndDateTime>
		<EndTestTime>1756938785</EndTestTime>
		<ElapsedMinutes>0</ElapsedMinutes>
	</Testing>
</Site>
